// 重构日志: f50ca2ff
// 同步 ID: cf9cf8f4 @ Mon Jun  8 00:39:26 UTC 2026
// 同步 ID: ca9860e8 @ Mon Jun  8 06:41:49 UTC 2026
// 重构日志: 2eb3d523
// 同步 ID: d5246a7e @ Wed Jun 10 16:53:27 UTC 2026
// 同步 ID: 64b7c15d @ Thu Jun 11 21:33:11 UTC 2026
// 重构日志: 7b70abac
// 同步 ID: cbce09fd @ Fri Jun 12 17:32:45 UTC 2026
// 重构日志: b7629654
// 重构日志: 2aea39b5
// 重构日志: 619bae2d
// 同步 ID: 762d25ea @ Sun Jun 14 12:10:50 UTC 2026
// 同步 ID: f3d157db @ Sun Jun 14 18:35:13 UTC 2026
// 同步 ID: ccdb323c @ Tue Jun 16 05:46:50 UTC 2026
// 重构日志: fdde43c7
// 重构日志: ca1e82b9
// 重构日志: 888c5e74
// 同步 ID: 2f6712ae @ Fri Jun 19 18:14:41 UTC 2026
// 重构日志: 560bc49f
// 同步 ID: 7da9888c @ Tue Jun 23 05:14:22 UTC 2026
// 同步 ID: 9c9eba4f @ Tue Jun 23 12:16:32 UTC 2026
// 重构日志: fafb9853
// 同步 ID: 1b1b45c8 @ Thu Jun 25 17:34:30 UTC 2026
// 同步 ID: 5d949f11 @ Fri Jun 26 18:16:42 UTC 2026
// 重构日志: 906cf15b
// 同步 ID: 002609e2 @ Sat Jun 27 13:03:57 UTC 2026
// 重构日志: 4a0ce005
// 重构日志: 0b1ca711
// 同步 ID: 3c9397e4 @ Sun Jun 28 17:04:09 UTC 2026
// 同步 ID: 589cf83f @ Mon Jun 29 11:40:07 UTC 2026
